2025.11.16 18:58:23 INFO  Started: Metals version 1.6.3 in folders '/home/cangli/Desktop/workspace/code/rust/scargo' for client Visual Studio Code 1.106.0.
2025.11.16 18:58:24 WARN  Using H2 2.4.240 which is newer than the version Flyway has been verified with. The latest verified version of H2 is 2.3.232.
2025.11.16 18:58:25 INFO  Running List(/home/cangli/.cache/scalacli/local-repo/bin/scala-cli/scala-cli, setup-ide, /home/cangli/Desktop/workspace/code/rust/scargo)
2025.11.16 18:58:25 INFO  Attempting to connect to the build server...
2025.11.16 18:58:25 INFO  Running BSP server List(/home/cangli/.cache/scalacli/local-repo/bin/scala-cli/scala-cli, bsp, --json-options, /home/cangli/Desktop/workspace/code/rust/scargo/.scala-build/ide-options-v2.json, --json-launcher-options, /home/cangli/Desktop/workspace/code/rust/scargo/.scala-build/ide-launcher-options.json, --envs-file, /home/cangli/Desktop/workspace/code/rust/scargo/.scala-build/ide-envs.json, /home/cangli/Desktop/workspace/code/rust/scargo)
2025.11.16 18:58:25 INFO  tracing is disabled for protocol BSP, to enable tracing of incoming and outgoing JSON messages create an empty file at /home/cangli/Desktop/workspace/code/rust/scargo/.metals/bsp.trace.json or /home/cangli/.cache/metals/bsp.trace.json
2025.11.16 18:58:25 INFO  BSP server: Starting compilation server
2025.11.16 18:58:27 INFO  time: Connected to build server in 2.27s
2025.11.16 18:58:27 INFO  Connected to Build server: scala-cli v1.9.1
2025.11.16 18:58:29 WARN  Could not find java sources in /usr/lib/jvm/src.zip, /usr/lib/jvm/lib/src.zip, /usr/lib/jvm/java-21-openjdk/src.zip, /usr/lib/jvm/java-21-openjdk/lib/src.zip, /usr/lib/jvm/src.zip, /usr/lib/jvm/lib/src.zip, /usr/lib/jvm/java-21-openjdk/src.zip, /usr/lib/jvm/java-21-openjdk/lib/src.zip. Java symbols will not be available.
2025.11.16 18:58:30 INFO  time: indexed workspace in 2.81s
2025.11.16 19:24:15 INFO  Started: Metals version 1.6.3 in folders '/home/cangli/Desktop/workspace/code/rust/scargo' for client Visual Studio Code 1.106.0.
2025.11.16 19:24:19 WARN  Using H2 2.4.240 which is newer than the version Flyway has been verified with. The latest verified version of H2 is 2.3.232.
2025.11.16 19:24:19 INFO  Attempting to connect to the build server...
2025.11.16 19:24:19 INFO  Running BSP server List(/home/cangli/.cache/scalacli/local-repo/bin/scala-cli/scala-cli, bsp, --json-options, /home/cangli/Desktop/workspace/code/rust/scargo/.scala-build/ide-options-v2.json, --json-launcher-options, /home/cangli/Desktop/workspace/code/rust/scargo/.scala-build/ide-launcher-options.json, --envs-file, /home/cangli/Desktop/workspace/code/rust/scargo/.scala-build/ide-envs.json, /home/cangli/Desktop/workspace/code/rust/scargo)
2025.11.16 19:24:19 INFO  tracing is disabled for protocol BSP, to enable tracing of incoming and outgoing JSON messages create an empty file at /home/cangli/Desktop/workspace/code/rust/scargo/.metals/bsp.trace.json or /home/cangli/.cache/metals/bsp.trace.json
2025.11.16 19:24:19 INFO  BSP server: Starting compilation server
2025.11.16 19:24:21 INFO  time: Connected to build server in 1.84s
2025.11.16 19:24:21 INFO  Connected to Build server: scala-cli v1.9.1
2025.11.16 19:24:22 WARN  Could not find java sources in /usr/lib/jvm/src.zip, /usr/lib/jvm/lib/src.zip, /usr/lib/jvm/java-21-openjdk/src.zip, /usr/lib/jvm/java-21-openjdk/lib/src.zip, /usr/lib/jvm/src.zip, /usr/lib/jvm/lib/src.zip, /usr/lib/jvm/java-21-openjdk/src.zip, /usr/lib/jvm/java-21-openjdk/lib/src.zip. Java symbols will not be available.
2025.11.16 19:24:22 INFO  time: indexed workspace in 1.52s
